C:\JASH\IIT GUWAHATI\ACADEMICS\SEMESTER 1\SPEECH PROCESSING\ASSIGNMENTS\ASSIGNMENT 5\ASSIGNMENT 5\ASSIGNMENT 5\DEBUG\ASSIGNMENT 5.EXE.EMBED.MANIFEST
C:\JASH\IIT GUWAHATI\ACADEMICS\SEMESTER 1\SPEECH PROCESSING\ASSIGNMENTS\ASSIGNMENT 5\ASSIGNMENT 5\ASSIGNMENT 5\DEBUG\ASSIGNMENT 5.EXE.EMBED.MANIFEST.RES
C:\JASH\IIT GUWAHATI\ACADEMICS\SEMESTER 1\SPEECH PROCESSING\ASSIGNMENTS\ASSIGNMENT 5\ASSIGNMENT 5\ASSIGNMENT 5\DEBUG\ASSIGNMENT 5.EXE.INTERMEDIATE.MANIFEST
C:\JASH\IIT GUWAHATI\ACADEMICS\SEMESTER 1\SPEECH PROCESSING\ASSIGNMENTS\ASSIGNMENT 5\ASSIGNMENT 5\ASSIGNMENT 5\DEBUG\ASSIGNMENT 5.OBJ
C:\JASH\IIT GUWAHATI\ACADEMICS\SEMESTER 1\SPEECH PROCESSING\ASSIGNMENTS\ASSIGNMENT 5\ASSIGNMENT 5\ASSIGNMENT 5\DEBUG\ASSIGNMENT 5.PCH
C:\JASH\IIT GUWAHATI\ACADEMICS\SEMESTER 1\SPEECH PROCESSING\ASSIGNMENTS\ASSIGNMENT 5\ASSIGNMENT 5\ASSIGNMENT 5\DEBUG\STDAFX.OBJ
C:\JASH\IIT GUWAHATI\ACADEMICS\SEMESTER 1\SPEECH PROCESSING\ASSIGNMENTS\ASSIGNMENT 5\ASSIGNMENT 5\ASSIGNMENT 5\DEBUG\VC100.PDB
C:\JASH\IIT GUWAHATI\ACADEMICS\SEMESTER 1\SPEECH PROCESSING\ASSIGNMENTS\ASSIGNMENT 5\ASSIGNMENT 5\DEBUG\ASSIGNMENT 5.EXE
C:\JASH\IIT GUWAHATI\ACADEMICS\SEMESTER 1\SPEECH PROCESSING\ASSIGNMENTS\ASSIGNMENT 5\ASSIGNMENT 5\DEBUG\ASSIGNMENT 5.ILK
C:\JASH\IIT GUWAHATI\ACADEMICS\SEMESTER 1\SPEECH PROCESSING\ASSIGNMENTS\ASSIGNMENT 5\ASSIGNMENT 5\DEBUG\ASSIGNMENT 5.PDB
C:\Speech Processing\234101053_digit_recognization\Assignment 5\Assignment 5\Debug\Assignment 5.exe.embed.manifest
C:\SPEECH PROCESSING\234101053_DIGIT_RECOGNIZATION\ASSIGNMENT 5\ASSIGNMENT 5\DEBUG\ASSIGNMENT 5.EXE.EMBED.MANIFEST.RES
C:\SPEECH PROCESSING\234101053_DIGIT_RECOGNIZATION\ASSIGNMENT 5\ASSIGNMENT 5\DEBUG\ASSIGNMENT 5.EXE.INTERMEDIATE.MANIFEST
C:\SPEECH PROCESSING\234101053_DIGIT_RECOGNIZATION\ASSIGNMENT 5\ASSIGNMENT 5\DEBUG\ASSIGNMENT 5.OBJ
C:\SPEECH PROCESSING\234101053_DIGIT_RECOGNIZATION\ASSIGNMENT 5\ASSIGNMENT 5\DEBUG\ASSIGNMENT 5.PCH
C:\Speech Processing\234101053_digit_recognization\Assignment 5\Assignment 5\Debug\Assignment 5.vcxprojResolveAssemblyReference.cache
C:\Speech Processing\234101053_digit_recognization\Assignment 5\Assignment 5\Debug\Assignment 5.write.1.tlog
C:\Speech Processing\234101053_digit_recognization\Assignment 5\Assignment 5\Debug\Assignment 5_manifest.rc
C:\Speech Processing\234101053_digit_recognization\Assignment 5\Assignment 5\Debug\cl.command.1.tlog
C:\Speech Processing\234101053_digit_recognization\Assignment 5\Assignment 5\Debug\CL.read.1.tlog
C:\Speech Processing\234101053_digit_recognization\Assignment 5\Assignment 5\Debug\CL.write.1.tlog
C:\Speech Processing\234101053_digit_recognization\Assignment 5\Assignment 5\Debug\link.23212.read.1.tlog
C:\Speech Processing\234101053_digit_recognization\Assignment 5\Assignment 5\Debug\link.23212.write.1.tlog
C:\Speech Processing\234101053_digit_recognization\Assignment 5\Assignment 5\Debug\link.23212-cvtres.read.1.tlog
C:\Speech Processing\234101053_digit_recognization\Assignment 5\Assignment 5\Debug\link.23212-cvtres.write.1.tlog
C:\Speech Processing\234101053_digit_recognization\Assignment 5\Assignment 5\Debug\link.command.1.tlog
C:\Speech Processing\234101053_digit_recognization\Assignment 5\Assignment 5\Debug\link.read.1.tlog
C:\Speech Processing\234101053_digit_recognization\Assignment 5\Assignment 5\Debug\link.write.1.tlog
C:\Speech Processing\234101053_digit_recognization\Assignment 5\Assignment 5\Debug\link-cvtres.read.1.tlog
C:\Speech Processing\234101053_digit_recognization\Assignment 5\Assignment 5\Debug\link-cvtres.write.1.tlog
C:\Speech Processing\234101053_digit_recognization\Assignment 5\Assignment 5\Debug\mt.command.1.tlog
C:\Speech Processing\234101053_digit_recognization\Assignment 5\Assignment 5\Debug\mt.read.1.tlog
C:\Speech Processing\234101053_digit_recognization\Assignment 5\Assignment 5\Debug\mt.write.1.tlog
C:\Speech Processing\234101053_digit_recognization\Assignment 5\Assignment 5\Debug\rc.command.1.tlog
C:\Speech Processing\234101053_digit_recognization\Assignment 5\Assignment 5\Debug\rc.read.1.tlog
C:\Speech Processing\234101053_digit_recognization\Assignment 5\Assignment 5\Debug\rc.write.1.tlog
C:\SPEECH PROCESSING\234101053_DIGIT_RECOGNIZATION\ASSIGNMENT 5\ASSIGNMENT 5\DEBUG\STDAFX.OBJ
C:\Speech Processing\234101053_digit_recognization\Assignment 5\Assignment 5\Debug\vc100.idb
C:\SPEECH PROCESSING\234101053_DIGIT_RECOGNIZATION\ASSIGNMENT 5\ASSIGNMENT 5\DEBUG\VC100.PDB
C:\SPEECH PROCESSING\234101053_DIGIT_RECOGNIZATION\ASSIGNMENT 5\DEBUG\ASSIGNMENT 5.EXE
C:\SPEECH PROCESSING\234101053_DIGIT_RECOGNIZATION\ASSIGNMENT 5\DEBUG\ASSIGNMENT 5.ILK
C:\SPEECH PROCESSING\234101053_DIGIT_RECOGNIZATION\ASSIGNMENT 5\DEBUG\ASSIGNMENT 5.PDB
C:\SPEECH PROCESSING\ASSIGNMENT 5\ASSIGNMENT 5\DEBUG\ASSIGNMENT 5.EXE.EMBED.MANIFEST.RES
C:\SPEECH PROCESSING\ASSIGNMENT 5\ASSIGNMENT 5\DEBUG\ASSIGNMENT 5.EXE.INTERMEDIATE.MANIFEST
C:\SPEECH PROCESSING\ASSIGNMENT 5\ASSIGNMENT 5\DEBUG\ASSIGNMENT 5.OBJ
C:\SPEECH PROCESSING\ASSIGNMENT 5\ASSIGNMENT 5\DEBUG\ASSIGNMENT 5.PCH
C:\SPEECH PROCESSING\ASSIGNMENT 5\ASSIGNMENT 5\DEBUG\STDAFX.OBJ
C:\SPEECH PROCESSING\ASSIGNMENT 5\ASSIGNMENT 5\DEBUG\VC100.PDB
C:\SPEECH PROCESSING\ASSIGNMENT 5\DEBUG\ASSIGNMENT 5.EXE
C:\SPEECH PROCESSING\ASSIGNMENT 5\DEBUG\ASSIGNMENT 5.ILK
C:\SPEECH PROCESSING\ASSIGNMENT 5\DEBUG\ASSIGNMENT 5.PDB
